============================================================
  Generated by:           Genus(TM) Synthesis Solution 21.15-s080_1
  Generated on:           May 03 2024  06:49:40 pm
  Module:                 bist_counter
  Operating conditions:   PVT_0P77V_0C 
  Interconnect mode:      global
  Area mode:              physical library
============================================================


Path 1: MET (4 ps) Setup Check with Pin cnt_reg_reg[10]/CLK->D
          Group: clk
     Startpoint: (R) cnt_reg_reg[3]/CLK
          Clock: (R) clk
       Endpoint: (F) cnt_reg_reg[10]/D
          Clock: (R) clk

                     Capture       Launch     
        Clock Edge:+     100            0     
       Src Latency:+       0            0     
       Net Latency:+       0 (I)        0 (I) 
           Arrival:=     100            0     
                                              
             Setup:-       4                  
     Required Time:=      96                  
      Launch Clock:-       0                  
         Data Path:-      92                  
             Slack:=       4                  

#---------------------------------------------------------------------------------------------------------
#   Timing Point     Flags    Arc   Edge          Cell           Fanout Load Trans Delay Arrival Instance 
#                                                                       (fF)  (ps)  (ps)   (ps)  Location 
#---------------------------------------------------------------------------------------------------------
  cnt_reg_reg[3]/CLK -       -      R     (arrival)                  11    -     0     0       0    (-,-) 
  cnt_reg_reg[3]/Q   -       CLK->Q R     DFFHQx4_ASAP7_75t_SL        4  4.4    10    34      34    (-,-) 
  g11734__8428/Y     -       B->Y   R     OR2x2_ASAP7_75t_SL          1  2.6    10    13      47    (-,-) 
  g72/Y              -       A->Y   F     NOR2x2_ASAP7_75t_SL         3  3.5    13     8      56    (-,-) 
  g70/Y              -       B->Y   R     NAND2x1p5_ASAP7_75t_SL      6  5.7    25    12      68    (-,-) 
  g64/Y              -       A->Y   F     INVx2_ASAP7_75t_SL          2  1.7    10     5      73    (-,-) 
  g63/Y              -       A->Y   R     NAND2xp5_ASAP7_75t_SL       1  1.3    14     9      81    (-,-) 
  g11987/Y           -       A1->Y  F     AOI211x1_ASAP7_75t_SL       1  1.0    19    10      92    (-,-) 
  cnt_reg_reg[10]/D  <<<     -      F     DFFHQNx3_ASAP7_75t_SL       1    -     -     0      92    (-,-) 
#---------------------------------------------------------------------------------------------------------

